From https://github.com/xcxxxcc/Df
 * branch              main       -> FETCH_HEAD
Already up to date.
[main 3976c70c] Auto-sync Poasla (SONY, ZEE5, PPV, R1, R2, R3) - 2026-02-11 13:38
 3 files changed, 9 insertions(+), 1 deletion(-)
 create mode 100644 log/absen.log
To https://github.com/xcxxxcc/Df.git
   a6236f22..3976c70c  main -> main
From https://github.com/xcxxxcc/Df
 * branch              main       -> FETCH_HEAD
Already up to date.
[main 27ee3c5a] Auto-sync Poasla (SONY, ZEE5, PPV, R1, R2, R3) - 2026-02-11 13:47
 3 files changed, 73 insertions(+), 126 deletions(-)
To https://github.com/xcxxxcc/Df.git
   3976c70c..27ee3c5a  main -> main
From https://github.com/xcxxxcc/Df
 * branch              main       -> FETCH_HEAD
   27ee3c5a..f4ca6d44  main       -> origin/main
Updating 27ee3c5a..f4ca6d44
From https://github.com/xcxxxcc/Df
 * branch              main       -> FETCH_HEAD
Already up to date.
[main 5ca54390] Auto-sync Poasla (SONY, ZEE5, PPV, R1, R2, R3) - 2026-02-11 14:15
 3 files changed, 43 insertions(+), 47 deletions(-)
To https://github.com/xcxxxcc/Df.git
   0628d156..5ca54390  main -> main
From https://github.com/xcxxxcc/Df
 * branch              main       -> FETCH_HEAD
   5ca54390..0a4f4ae4  main       -> origin/main
Updating 5ca54390..0a4f4ae4
From https://github.com/xcxxxcc/Df
 * branch              main       -> FETCH_HEAD
Already up to date.
[main 65891c53] Auto-sync Poasla (SONY, ZEE5, PPV, R1, R2, R3) - 2026-02-11 14:45
 3 files changed, 81 insertions(+), 105 deletions(-)
To https://github.com/xcxxxcc/Df.git
   415246b6..65891c53  main -> main
From https://github.com/xcxxxcc/Df
 * branch              main       -> FETCH_HEAD
Already up to date.
[main e21ce45a] Auto-sync Poasla (SONY, ZEE5, PPV, R1, R2, R3) - 2026-02-11 15:00
 3 files changed, 86 insertions(+), 59 deletions(-)
To https://github.com/xcxxxcc/Df.git
   65891c53..e21ce45a  main -> main
From https://github.com/xcxxxcc/Df
 * branch              main       -> FETCH_HEAD
Already up to date.
[main 01a6f158] Auto-sync Poasla (SONY, ZEE5, PPV, R1, R2, R3) - 2026-02-11 15:17
 3 files changed, 64 insertions(+), 66 deletions(-)
To https://github.com/xcxxxcc/Df.git
   e21ce45a..01a6f158  main -> main
From https://github.com/xcxxxcc/Df
 * branch              main       -> FETCH_HEAD
Already up to date.
[main 16fbdcf9] Auto-sync Poasla (SONY, ZEE5, PPV, R1, R2, R3) - 2026-02-11 15:30
 3 files changed, 73 insertions(+), 49 deletions(-)
To https://github.com/xcxxxcc/Df.git
   01a6f158..16fbdcf9  main -> main
From https://github.com/xcxxxcc/Df
 * branch              main       -> FETCH_HEAD
Already up to date.
[main cd3104d2] Auto-sync Poasla (SONY, ZEE5, PPV, R1, R2, R3) - 2026-02-11 15:45
 3 files changed, 37 insertions(+), 29 deletions(-)
To https://github.com/xcxxxcc/Df.git
   16fbdcf9..cd3104d2  main -> main
From https://github.com/xcxxxcc/Df
 * branch              main       -> FETCH_HEAD
Already up to date.
[main a2e2fa78] Auto-sync Poasla (SONY, ZEE5, PPV, R1, R2, R3) - 2026-02-11 16:01
 3 files changed, 60 insertions(+), 56 deletions(-)
To https://github.com/xcxxxcc/Df.git
   cd3104d2..a2e2fa78  main -> main
From https://github.com/xcxxxcc/Df
 * branch              main       -> FETCH_HEAD
Already up to date.
[main 2b3c8fec] Auto-sync Poasla (SONY, ZEE5, PPV, R1, R2, R3) - 2026-02-11 16:15
 3 files changed, 90 insertions(+), 79 deletions(-)
To https://github.com/xcxxxcc/Df.git
   a2e2fa78..2b3c8fec  main -> main
From https://github.com/xcxxxcc/Df
 * branch              main       -> FETCH_HEAD
Already up to date.
curl: (22) The requested URL returned error: 524
[main 0ac52bf5] Auto-sync Poasla (SONY, ZEE5, PPV, R1, R2, R3) - 2026-02-11 16:32
 3 files changed, 115 insertions(+), 248 deletions(-)
To https://github.com/xcxxxcc/Df.git
   2b3c8fec..0ac52bf5  main -> main
From https://github.com/xcxxxcc/Df
 * branch              main       -> FETCH_HEAD
Already up to date.
[main acfcd012] Auto-sync Poasla (SONY, ZEE5, PPV, R1, R2, R3) - 2026-02-11 16:45
 3 files changed, 426 insertions(+), 78 deletions(-)
To https://github.com/xcxxxcc/Df.git
   0ac52bf5..acfcd012  main -> main
From https://github.com/xcxxxcc/Df
 * branch              main       -> FETCH_HEAD
Already up to date.
[main ac7dd7ab] Auto-sync Poasla (SONY, ZEE5, PPV, R1, R2, R3) - 2026-02-11 17:00
 3 files changed, 264 insertions(+), 148 deletions(-)
To https://github.com/xcxxxcc/Df.git
   acfcd012..ac7dd7ab  main -> main
From https://github.com/xcxxxcc/Df
 * branch              main       -> FETCH_HEAD
Already up to date.
[main 294814d9] Auto-sync Poasla (SONY, ZEE5, PPV, R1, R2, R3) - 2026-02-11 17:17
 3 files changed, 230 insertions(+), 175 deletions(-)
To https://github.com/xcxxxcc/Df.git
   ac7dd7ab..294814d9  main -> main
From https://github.com/xcxxxcc/Df
 * branch              main       -> FETCH_HEAD
Already up to date.
[main b2410d86] Auto-sync Poasla (SONY, ZEE5, PPV, R1, R2, R3) - 2026-02-11 17:31
 3 files changed, 158 insertions(+), 226 deletions(-)
To https://github.com/xcxxxcc/Df.git
   294814d9..b2410d86  main -> main
From https://github.com/xcxxxcc/Df
 * branch              main       -> FETCH_HEAD
Already up to date.
[main d77cbeda] Auto-sync Poasla (SONY, ZEE5, PPV, R1, R2, R3) - 2026-02-11 17:46
 3 files changed, 177 insertions(+), 157 deletions(-)
To https://github.com/xcxxxcc/Df.git
   b2410d86..d77cbeda  main -> main
From https://github.com/xcxxxcc/Df
 * branch              main       -> FETCH_HEAD
Already up to date.
[main c4a1379f] Auto-sync Poasla (SONY, ZEE5, PPV, R1, R2, R3) - 2026-02-11 18:02
 3 files changed, 150 insertions(+), 146 deletions(-)
To https://github.com/xcxxxcc/Df.git
   d77cbeda..c4a1379f  main -> main
From https://github.com/xcxxxcc/Df
 * branch              main       -> FETCH_HEAD
Already up to date.
[main 161de054] Auto-sync Poasla (SONY, ZEE5, PPV, R1, R2, R3) - 2026-02-11 18:16
 3 files changed, 282 insertions(+), 219 deletions(-)
To https://github.com/xcxxxcc/Df.git
   c4a1379f..161de054  main -> main
From https://github.com/xcxxxcc/Df
 * branch              main       -> FETCH_HEAD
Already up to date.
[main b35eb166] Auto-sync Poasla (SONY, ZEE5, PPV, R1, R2, R3) - 2026-02-11 18:31
 3 files changed, 240 insertions(+), 148 deletions(-)
To https://github.com/xcxxxcc/Df.git
   161de054..b35eb166  main -> main
From https://github.com/xcxxxcc/Df
 * branch              main       -> FETCH_HEAD
Already up to date.
[main fc2b0601] Auto-sync Poasla (SONY, ZEE5, PPV, R1, R2, R3) - 2026-02-11 18:45
 3 files changed, 240 insertions(+), 190 deletions(-)
To https://github.com/xcxxxcc/Df.git
   b35eb166..fc2b0601  main -> main
From https://github.com/xcxxxcc/Df
 * branch              main       -> FETCH_HEAD
Already up to date.
[main b83c80a7] Auto-sync Poasla (SONY, ZEE5, PPV, R1, R2, R3) - 2026-02-11 19:02
 3 files changed, 455 insertions(+), 321 deletions(-)
To https://github.com/xcxxxcc/Df.git
   fc2b0601..b83c80a7  main -> main
From https://github.com/xcxxxcc/Df
 * branch              main       -> FETCH_HEAD
   b83c80a7..6aa2519c  main       -> origin/main
Updating b83c80a7..6aa2519c
From https://github.com/xcxxxcc/Df
 * branch              main       -> FETCH_HEAD
Already up to date.
curl: (35) Recv failure: Connection reset by peer
